Build started 3/1/2016 1:02:58 AM.
     1>Project "F:\BattleShip\BattleShip\BattleShip\BattleShip.vcxproj" on node 2 (Build target(s)).
     1>ClCompile:
         F:\Program Files (x86)\Microsoft Visual Studio 12.0\VC\bin\CL.exe /c /I"C:\Program Files (x86)\Visual Leak Detector\include" /ZI /nologo /W3 /WX- /Od /Oy- /D WIN32 /D _DEBUG /D _CONSOLE /D _LIB /D _UNICODE /D UNICODE /Gm /EHsc /RTC1 /MDd /GS /fp:precise /Zc:wchar_t /Zc:forScope /Fo"Debug\\" /Fd"Debug\vc120.pdb" /Gd /TP /analyze- /errorReport:prompt BattleShip.cpp
         BattleShip.cpp
     1>f:\battleship\battleship\battleship\battleship.cpp(100): warning C4258: 'x' : definition from the for loop is ignored; the definition from the enclosing scope is used
                 f:\battleship\battleship\battleship\battleship.cpp(44) : definition of 'x' ignored
                 f:\battleship\battleship\battleship\battleship.cpp(35) : definition of 'x' used
       Link:
         F:\Program Files (x86)\Microsoft Visual Studio 12.0\VC\bin\link.exe /ERRORREPORT:PROMPT /OUT:"F:\BattleShip\BattleShip\Debug\BattleShip.exe" /INCREMENTAL /NOLOGO /LIBPATH:"C:\Program Files (x86)\Visual Leak Detector\lib\Win32" kernel32.lib user32.lib gdi32.lib winspool.lib comdlg32.lib advapi32.lib shell32.lib ole32.lib oleaut32.lib uuid.lib odbc32.lib odbccp32.lib /MANIFEST /MANIFESTUAC:"level='asInvoker' uiAccess='false'" /manifest:embed /DEBUG /PDB:"F:\BattleShip\BattleShip\Debug\BattleShip.pdb" /SUBSYSTEM:CONSOLE /TLBID:1 /DYNAMICBASE /NXCOMPAT /IMPLIB:"F:\BattleShip\BattleShip\Debug\BattleShip.lib" /MACHINE:X86 Debug\BattleShip.obj
         Debug\DrawImage.obj
         Debug\GameState.obj
         Debug\Player.obj
         Debug\RasterSurface.obj
         Debug\Ship.obj
         Debug\stdafx.obj
         Debug\XTime.obj
         BattleShip.vcxproj -> F:\BattleShip\BattleShip\Debug\BattleShip.exe
     1>Done Building Project "F:\BattleShip\BattleShip\BattleShip\BattleShip.vcxproj" (Build target(s)).

Build succeeded.

Time Elapsed 00:00:02.24
