Build started 3/1/2016 1:03:39 AM.
     1>Project "F:\BattleShip\BattleShip\BattleShip\BattleShip.vcxproj" on node 2 (Build target(s)).
     1>ClCompile:
         F:\Program Files (x86)\Microsoft Visual Studio 12.0\VC\bin\CL.exe /c /I"C:\Program Files (x86)\Visual Leak Detector\include" /Zi /nologo /W3 /WX- /O2 /Oi /Oy- /GL /D WIN32 /D NDEBUG /D _CONSOLE /D _LIB /D _UNICODE /D UNICODE /Gm- /EHsc /MD /GS /Gy /fp:precise /Zc:wchar_t /Zc:forScope /Fo"Release\\" /Fd"Release\vc120.pdb" /Gd /TP /analyze- /errorReport:prompt BattleShip.cpp DrawImage.cpp GameState.cpp Player.cpp Ship.cpp
         BattleShip.cpp
     1>BattleShip.cpp(100): warning C4258: 'x' : definition from the for loop is ignored; the definition from the enclosing scope is used
                 BattleShip.cpp(44) : definition of 'x' ignored
                 BattleShip.cpp(35) : definition of 'x' used
         DrawImage.cpp
         GameState.cpp
         Player.cpp
         Ship.cpp
       Link:
         F:\Program Files (x86)\Microsoft Visual Studio 12.0\VC\bin\link.exe /ERRORREPORT:PROMPT /OUT:"F:\BattleShip\BattleShip\Release\BattleShip.exe" /INCREMENTAL:NO /NOLOGO /LIBPATH:"C:\Program Files (x86)\Visual Leak Detector\lib\Win32" kernel32.lib user32.lib gdi32.lib winspool.lib comdlg32.lib advapi32.lib shell32.lib ole32.lib oleaut32.lib uuid.lib odbc32.lib odbccp32.lib /MANIFEST /MANIFESTUAC:"level='asInvoker' uiAccess='false'" /manifest:embed /DEBUG /PDB:"F:\BattleShip\BattleShip\Release\BattleShip.pdb" /SUBSYSTEM:CONSOLE /OPT:REF /OPT:ICF /LTCG /TLBID:1 /DYNAMICBASE /NXCOMPAT /IMPLIB:"F:\BattleShip\BattleShip\Release\BattleShip.lib" /MACHINE:X86 /SAFESEH Release\BattleShip.obj
         Release\DrawImage.obj
         Release\GameState.obj
         Release\Player.obj
         Release\RasterSurface.obj
         Release\Ship.obj
         Release\stdafx.obj
         Release\XTime.obj
         Generating code
         Finished generating code
         BattleShip.vcxproj -> F:\BattleShip\BattleShip\Release\BattleShip.exe
     1>Done Building Project "F:\BattleShip\BattleShip\BattleShip\BattleShip.vcxproj" (Build target(s)).

Build succeeded.

Time Elapsed 00:00:05.41
